2018-05-31T02:00:12.6NZ mysqld_safe Logging to '/Users/vlad/Projects/Cometa/contacts-app/database/MacBook-Pro-2.fios-router.home.err'.
2018-05-31T02:00:12.6NZ mysqld_safe Starting mysqld daemon with databases from /Users/vlad/Projects/Cometa/contacts-app/database
2018-05-31T02:00:12.993635Z 0 [Warning] TIMESTAMP with implicit DEFAULT value is deprecated. Please use --explicit_defaults_for_timestamp server option (see documentation for more details).
2018-05-31T02:00:12.993947Z 0 [Note] --secure-file-priv is set to NULL. Operations related to importing and exporting data are disabled
2018-05-31T02:00:12.994000Z 0 [Note] /usr/local/Cellar/mysql/5.7.22/bin/mysqld (mysqld 5.7.22-log) starting as process 49434 ...
2018-05-31T02:00:12.996938Z 0 [Warning] Setting lower_case_table_names=2 because file system for /Users/vlad/Projects/Cometa/contacts-app/database/ is case insensitive
2018-05-31T02:00:13.012986Z 0 [Note] InnoDB: Mutexes and rw_locks use GCC atomic builtins
2018-05-31T02:00:13.013032Z 0 [Note] InnoDB: Uses event mutexes
2018-05-31T02:00:13.013047Z 0 [Note] InnoDB: GCC builtin __atomic_thread_fence() is used for memory barrier
2018-05-31T02:00:13.013059Z 0 [Note] InnoDB: Compressed tables use zlib 1.2.3
2018-05-31T02:00:13.013487Z 0 [Note] InnoDB: Number of pools: 1
2018-05-31T02:00:13.013657Z 0 [Note] InnoDB: Using CPU crc32 instructions
2018-05-31T02:00:13.015503Z 0 [Note] InnoDB: Initializing buffer pool, total size = 128M, instances = 1, chunk size = 128M
2018-05-31T02:00:13.026480Z 0 [Note] InnoDB: Completed initialization of buffer pool
2018-05-31T02:00:13.043410Z 0 [Note] InnoDB: Highest supported file format is Barracuda.
2018-05-31T02:00:13.048828Z 0 [Note] InnoDB: Creating shared tablespace for temporary tables
2018-05-31T02:00:13.048978Z 0 [Note] InnoDB: Setting file './ibtmp1' size to 12 MB. Physically writing the file full; Please wait ...
2018-05-31T02:00:13.066217Z 0 [Note] InnoDB: File './ibtmp1' size is now 12 MB.
2018-05-31T02:00:13.067546Z 0 [Note] InnoDB: 96 redo rollback segment(s) found. 96 redo rollback segment(s) are active.
2018-05-31T02:00:13.067584Z 0 [Note] InnoDB: 32 non-redo rollback segment(s) are active.
2018-05-31T02:00:13.067866Z 0 [Note] InnoDB: Waiting for purge to start
2018-05-31T02:00:13.119983Z 0 [Note] InnoDB: 5.7.22 started; log sequence number 1211605
2018-05-31T02:00:13.120322Z 0 [Note] InnoDB: Loading buffer pool(s) from /Users/vlad/Projects/Cometa/contacts-app/database/ib_buffer_pool
2018-05-31T02:00:13.120486Z 0 [Note] Plugin 'FEDERATED' is disabled.
2018-05-31T02:00:13.120665Z 0 [Note] InnoDB: Buffer pool(s) load completed at 180530 22:00:13
mysqld: Table 'mysql.plugin' doesn't exist
2018-05-31T02:00:13.120853Z 0 [ERROR] Can't open the mysql.plugin table. Please run mysql_upgrade to create it.
2018-05-31T02:00:13.183129Z 0 [Warning] Gtid table is not ready to be used. Table 'mysql.gtid_executed' cannot be opened.
2018-05-31T02:00:13.198687Z 0 [Note] Found ca.pem, server-cert.pem and server-key.pem in data directory. Trying to enable SSL support using them.
2018-05-31T02:00:13.200839Z 0 [Note] Skipping generation of SSL certificates as certificate files are present in data directory.
2018-05-31T02:00:13.202300Z 0 [Warning] CA certificate ca.pem is self signed.
2018-05-31T02:00:13.202419Z 0 [Note] Skipping generation of RSA key pair as key files are present in data directory.
2018-05-31T02:00:13.202628Z 0 [Note] Server hostname (bind-address): '*'; port: 3306
2018-05-31T02:00:13.202748Z 0 [Note] IPv6 is available.
2018-05-31T02:00:13.202826Z 0 [Note]   - '::' resolves to '::';
2018-05-31T02:00:13.202906Z 0 [Note] Server socket created on IP: '::'.
2018-05-31T02:00:13.203693Z 0 [Warning] Failed to open optimizer cost constant tables

2018-05-31T02:00:13.203954Z 0 [ERROR] Fatal error: Can't open and lock privilege tables: Table 'mysql.user' doesn't exist
2018-05-31T02:00:13.204191Z 0 [ERROR] Aborting

2018-05-31T02:00:13.204240Z 0 [Note] Binlog end
2018-05-31T02:00:13.214696Z 0 [Note] Shutting down plugin 'ngram'
2018-05-31T02:00:13.218323Z 0 [Note] Shutting down plugin 'partition'
2018-05-31T02:00:13.218434Z 0 [Note] Shutting down plugin 'BLACKHOLE'
2018-05-31T02:00:13.218456Z 0 [Note] Shutting down plugin 'ARCHIVE'
2018-05-31T02:00:13.218470Z 0 [Note] Shutting down plugin 'PERFORMANCE_SCHEMA'
2018-05-31T02:00:13.218548Z 0 [Note] Shutting down plugin 'MRG_MYISAM'
2018-05-31T02:00:13.218566Z 0 [Note] Shutting down plugin 'MyISAM'
2018-05-31T02:00:13.218636Z 0 [Note] Shutting down plugin 'INNODB_SYS_VIRTUAL'
2018-05-31T02:00:13.218655Z 0 [Note] Shutting down plugin 'INNODB_SYS_DATAFILES'
2018-05-31T02:00:13.218668Z 0 [Note] Shutting down plugin 'INNODB_SYS_TABLESPACES'
2018-05-31T02:00:13.218682Z 0 [Note] Shutting down plugin 'INNODB_SYS_FOREIGN_COLS'
2018-05-31T02:00:13.218695Z 0 [Note] Shutting down plugin 'INNODB_SYS_FOREIGN'
2018-05-31T02:00:13.218708Z 0 [Note] Shutting down plugin 'INNODB_SYS_FIELDS'
2018-05-31T02:00:13.218722Z 0 [Note] Shutting down plugin 'INNODB_SYS_COLUMNS'
2018-05-31T02:00:13.218735Z 0 [Note] Shutting down plugin 'INNODB_SYS_INDEXES'
2018-05-31T02:00:13.218749Z 0 [Note] Shutting down plugin 'INNODB_SYS_TABLESTATS'
2018-05-31T02:00:13.218763Z 0 [Note] Shutting down plugin 'INNODB_SYS_TABLES'
2018-05-31T02:00:13.218776Z 0 [Note] Shutting down plugin 'INNODB_FT_INDEX_TABLE'
2018-05-31T02:00:13.218790Z 0 [Note] Shutting down plugin 'INNODB_FT_INDEX_CACHE'
2018-05-31T02:00:13.218803Z 0 [Note] Shutting down plugin 'INNODB_FT_CONFIG'
2018-05-31T02:00:13.218816Z 0 [Note] Shutting down plugin 'INNODB_FT_BEING_DELETED'
2018-05-31T02:00:13.218830Z 0 [Note] Shutting down plugin 'INNODB_FT_DELETED'
2018-05-31T02:00:13.218843Z 0 [Note] Shutting down plugin 'INNODB_FT_DEFAULT_STOPWORD'
2018-05-31T02:00:13.218856Z 0 [Note] Shutting down plugin 'INNODB_METRICS'
2018-05-31T02:00:13.218870Z 0 [Note] Shutting down plugin 'INNODB_TEMP_TABLE_INFO'
2018-05-31T02:00:13.218883Z 0 [Note] Shutting down plugin 'INNODB_BUFFER_POOL_STATS'
2018-05-31T02:00:13.218896Z 0 [Note] Shutting down plugin 'INNODB_BUFFER_PAGE_LRU'
2018-05-31T02:00:13.218909Z 0 [Note] Shutting down plugin 'INNODB_BUFFER_PAGE'
2018-05-31T02:00:13.218922Z 0 [Note] Shutting down plugin 'INNODB_CMP_PER_INDEX_RESET'
2018-05-31T02:00:13.218936Z 0 [Note] Shutting down plugin 'INNODB_CMP_PER_INDEX'
2018-05-31T02:00:13.218949Z 0 [Note] Shutting down plugin 'INNODB_CMPMEM_RESET'
2018-05-31T02:00:13.218962Z 0 [Note] Shutting down plugin 'INNODB_CMPMEM'
2018-05-31T02:00:13.218975Z 0 [Note] Shutting down plugin 'INNODB_CMP_RESET'
2018-05-31T02:00:13.218989Z 0 [Note] Shutting down plugin 'INNODB_CMP'
2018-05-31T02:00:13.219002Z 0 [Note] Shutting down plugin 'INNODB_LOCK_WAITS'
2018-05-31T02:00:13.219015Z 0 [Note] Shutting down plugin 'INNODB_LOCKS'
2018-05-31T02:00:13.219028Z 0 [Note] Shutting down plugin 'INNODB_TRX'
2018-05-31T02:00:13.219042Z 0 [Note] Shutting down plugin 'InnoDB'
2018-05-31T02:00:13.219117Z 0 [Note] InnoDB: FTS optimize thread exiting.
2018-05-31T02:00:13.219242Z 0 [Note] InnoDB: Starting shutdown...
2018-05-31T02:00:13.320010Z 0 [Note] InnoDB: Dumping buffer pool(s) to /Users/vlad/Projects/Cometa/contacts-app/database/ib_buffer_pool
2018-05-31T02:00:13.320801Z 0 [Note] InnoDB: Buffer pool(s) dump completed at 180530 22:00:13
2018-05-31T02:00:14.668705Z 0 [Note] InnoDB: Shutdown completed; log sequence number 1211624
2018-05-31T02:00:14.669773Z 0 [Note] InnoDB: Removed temporary tablespace data file: "ibtmp1"
2018-05-31T02:00:14.669793Z 0 [Note] Shutting down plugin 'MEMORY'
2018-05-31T02:00:14.669809Z 0 [Note] Shutting down plugin 'CSV'
2018-05-31T02:00:14.669819Z 0 [Note] Shutting down plugin 'sha256_password'
2018-05-31T02:00:14.669827Z 0 [Note] Shutting down plugin 'mysql_native_password'
2018-05-31T02:00:14.669956Z 0 [Note] Shutting down plugin 'binlog'
2018-05-31T02:00:14.670505Z 0 [Note] /usr/local/Cellar/mysql/5.7.22/bin/mysqld: Shutdown complete

2018-05-31T02:00:14.6NZ mysqld_safe mysqld from pid file /Users/vlad/Projects/Cometa/contacts-app/database/MacBook-Pro-2.fios-router.home.pid ended
2018-05-31T02:01:19.6NZ mysqld_safe Logging to '/Users/vlad/Projects/Cometa/contacts-app/database/MacBook-Pro-2.fios-router.home.err'.
2018-05-31T02:01:19.6NZ mysqld_safe Starting mysqld daemon with databases from /Users/vlad/Projects/Cometa/contacts-app/database
2018-05-31T02:01:19.793263Z 0 [Warning] TIMESTAMP with implicit DEFAULT value is deprecated. Please use --explicit_defaults_for_timestamp server option (see documentation for more details).
2018-05-31T02:01:19.793580Z 0 [Note] --secure-file-priv is set to NULL. Operations related to importing and exporting data are disabled
2018-05-31T02:01:19.793635Z 0 [Note] /usr/local/Cellar/mysql/5.7.22/bin/mysqld (mysqld 5.7.22-log) starting as process 49857 ...
2018-05-31T02:01:19.796649Z 0 [Warning] Setting lower_case_table_names=2 because file system for /Users/vlad/Projects/Cometa/contacts-app/database/ is case insensitive
2018-05-31T02:01:19.813891Z 0 [Note] InnoDB: Mutexes and rw_locks use GCC atomic builtins
2018-05-31T02:01:19.813935Z 0 [Note] InnoDB: Uses event mutexes
2018-05-31T02:01:19.813953Z 0 [Note] InnoDB: GCC builtin __atomic_thread_fence() is used for memory barrier
2018-05-31T02:01:19.813969Z 0 [Note] InnoDB: Compressed tables use zlib 1.2.3
2018-05-31T02:01:19.814421Z 0 [Note] InnoDB: Number of pools: 1
2018-05-31T02:01:19.814578Z 0 [Note] InnoDB: Using CPU crc32 instructions
2018-05-31T02:01:19.816363Z 0 [Note] InnoDB: Initializing buffer pool, total size = 128M, instances = 1, chunk size = 128M
2018-05-31T02:01:19.827503Z 0 [Note] InnoDB: Completed initialization of buffer pool
2018-05-31T02:01:19.844977Z 0 [Note] InnoDB: Highest supported file format is Barracuda.
2018-05-31T02:01:19.850206Z 0 [Note] InnoDB: Creating shared tablespace for temporary tables
2018-05-31T02:01:19.850338Z 0 [Note] InnoDB: Setting file './ibtmp1' size to 12 MB. Physically writing the file full; Please wait ...
2018-05-31T02:01:19.860615Z 0 [Note] InnoDB: File './ibtmp1' size is now 12 MB.
2018-05-31T02:01:19.861448Z 0 [Note] InnoDB: 96 redo rollback segment(s) found. 96 redo rollback segment(s) are active.
2018-05-31T02:01:19.861471Z 0 [Note] InnoDB: 32 non-redo rollback segment(s) are active.
2018-05-31T02:01:19.861655Z 0 [Note] InnoDB: Waiting for purge to start
2018-05-31T02:01:19.913979Z 0 [Note] InnoDB: 5.7.22 started; log sequence number 1211624
2018-05-31T02:01:19.914299Z 0 [Note] InnoDB: Loading buffer pool(s) from /Users/vlad/Projects/Cometa/contacts-app/database/ib_buffer_pool
2018-05-31T02:01:19.914468Z 0 [Note] Plugin 'FEDERATED' is disabled.
2018-05-31T02:01:19.914653Z 0 [Note] InnoDB: Buffer pool(s) load completed at 180530 22:01:19
2018-05-31T02:01:19.920199Z 0 [Warning] InnoDB: Cannot open table mysql/plugin from the internal data dictionary of InnoDB though the .frm file for the table exists. Please refer to http://dev.mysql.com/doc/refman/5.7/en/innodb-troubleshooting.html for how to resolve the issue.
mysqld: Table 'mysql.plugin' doesn't exist
2018-05-31T02:01:19.920295Z 0 [ERROR] Can't open the mysql.plugin table. Please run mysql_upgrade to create it.
2018-05-31T02:01:19.974001Z 0 [Warning] InnoDB: Cannot open table mysql/gtid_executed from the internal data dictionary of InnoDB though the .frm file for the table exists. Please refer to http://dev.mysql.com/doc/refman/5.7/en/innodb-troubleshooting.html for how to resolve the issue.
mysqld: Table 'mysql.gtid_executed' doesn't exist
2018-05-31T02:01:19.974108Z 0 [Warning] Gtid table is not ready to be used. Table 'mysql.gtid_executed' cannot be opened.
2018-05-31T02:01:19.986194Z 0 [Note] Found ca.pem, server-cert.pem and server-key.pem in data directory. Trying to enable SSL support using them.
2018-05-31T02:01:19.988401Z 0 [Note] Skipping generation of SSL certificates as certificate files are present in data directory.
2018-05-31T02:01:19.989873Z 0 [Warning] CA certificate ca.pem is self signed.
2018-05-31T02:01:19.989992Z 0 [Note] Skipping generation of RSA key pair as key files are present in data directory.
2018-05-31T02:01:19.990202Z 0 [Note] Server hostname (bind-address): '*'; port: 3306
2018-05-31T02:01:19.990328Z 0 [Note] IPv6 is available.
2018-05-31T02:01:19.990361Z 0 [Note]   - '::' resolves to '::';
2018-05-31T02:01:19.990442Z 0 [Note] Server socket created on IP: '::'.
2018-05-31T02:01:19.991375Z 0 [Warning] InnoDB: Cannot open table mysql/server_cost from the internal data dictionary of InnoDB though the .frm file for the table exists. Please refer to http://dev.mysql.com/doc/refman/5.7/en/innodb-troubleshooting.html for how to resolve the issue.
2018-05-31T02:01:19.991413Z 0 [Warning] Failed to open optimizer cost constant tables

2018-05-31T02:01:19.992850Z 0 [Warning] InnoDB: Cannot open table mysql/time_zone_leap_second from the internal data dictionary of InnoDB though the .frm file for the table exists. Please refer to http://dev.mysql.com/doc/refman/5.7/en/innodb-troubleshooting.html for how to resolve the issue.
2018-05-31T02:01:19.992879Z 0 [Warning] Can't open and lock time zone table: Table 'mysql.time_zone_leap_second' doesn't exist trying to live without them
2018-05-31T02:01:19.993904Z 0 [Warning] InnoDB: Cannot open table mysql/servers from the internal data dictionary of InnoDB though the .frm file for the table exists. Please refer to http://dev.mysql.com/doc/refman/5.7/en/innodb-troubleshooting.html for how to resolve the issue.
2018-05-31T02:01:19.993933Z 0 [ERROR] Can't open and lock privilege tables: Table 'mysql.servers' doesn't exist
2018-05-31T02:01:19.994407Z 0 [Warning] InnoDB: Cannot open table mysql/slave_master_info from the internal data dictionary of InnoDB though the .frm file for the table exists. Please refer to http://dev.mysql.com/doc/refman/5.7/en/innodb-troubleshooting.html for how to resolve the issue.
2018-05-31T02:01:19.994610Z 0 [Warning] InnoDB: Cannot open table mysql/slave_relay_log_info from the internal data dictionary of InnoDB though the .frm file for the table exists. Please refer to http://dev.mysql.com/doc/refman/5.7/en/innodb-troubleshooting.html for how to resolve the issue.
2018-05-31T02:01:19.994795Z 0 [Warning] InnoDB: Cannot open table mysql/slave_master_info from the internal data dictionary of InnoDB though the .frm file for the table exists. Please refer to http://dev.mysql.com/doc/refman/5.7/en/innodb-troubleshooting.html for how to resolve the issue.
2018-05-31T02:01:19.994821Z 0 [Warning] Info table is not ready to be used. Table 'mysql.slave_master_info' cannot be opened.
2018-05-31T02:01:19.994971Z 0 [Warning] InnoDB: Cannot open table mysql/slave_worker_info from the internal data dictionary of InnoDB though the .frm file for the table exists. Please refer to http://dev.mysql.com/doc/refman/5.7/en/innodb-troubleshooting.html for how to resolve the issue.
2018-05-31T02:01:19.995158Z 0 [Warning] InnoDB: Cannot open table mysql/slave_relay_log_info from the internal data dictionary of InnoDB though the .frm file for the table exists. Please refer to http://dev.mysql.com/doc/refman/5.7/en/innodb-troubleshooting.html for how to resolve the issue.
2018-05-31T02:01:19.995179Z 0 [Warning] Info table is not ready to be used. Table 'mysql.slave_relay_log_info' cannot be opened.
2018-05-31T02:01:19.995281Z 0 [ERROR] Native table 'performance_schema'.'cond_instances' has the wrong structure
2018-05-31T02:01:19.995310Z 0 [ERROR] Native table 'performance_schema'.'events_waits_current' has the wrong structure
2018-05-31T02:01:19.995335Z 0 [ERROR] Native table 'performance_schema'.'events_waits_history' has the wrong structure
2018-05-31T02:01:19.995364Z 0 [ERROR] Native table 'performance_schema'.'events_waits_history_long' has the wrong structure
2018-05-31T02:01:19.995397Z 0 [ERROR] Native table 'performance_schema'.'events_waits_summary_by_host_by_event_name' has the wrong structure
2018-05-31T02:01:19.995422Z 0 [ERROR] Native table 'performance_schema'.'events_waits_summary_by_instance' has the wrong structure
2018-05-31T02:01:19.995451Z 0 [ERROR] Native table 'performance_schema'.'events_waits_summary_by_thread_by_event_name' has the wrong structure
2018-05-31T02:01:19.995476Z 0 [ERROR] Native table 'performance_schema'.'events_waits_summary_by_user_by_event_name' has the wrong structure
2018-05-31T02:01:19.995501Z 0 [ERROR] Native table 'performance_schema'.'events_waits_summary_by_account_by_event_name' has the wrong structure
2018-05-31T02:01:19.995545Z 0 [ERROR] Native table 'performance_schema'.'events_waits_summary_global_by_event_name' has the wrong structure
2018-05-31T02:01:19.995574Z 0 [ERROR] Native table 'performance_schema'.'file_instances' has the wrong structure
2018-05-31T02:01:19.995599Z 0 [ERROR] Native table 'performance_schema'.'file_summary_by_event_name' has the wrong structure
2018-05-31T02:01:19.995630Z 0 [ERROR] Native table 'performance_schema'.'file_summary_by_instance' has the wrong structure
2018-05-31T02:01:19.995658Z 0 [ERROR] Native table 'performance_schema'.'host_cache' has the wrong structure
2018-05-31T02:01:19.995687Z 0 [ERROR] Native table 'performance_schema'.'mutex_instances' has the wrong structure
2018-05-31T02:01:19.995711Z 0 [ERROR] Native table 'performance_schema'.'objects_summary_global_by_type' has the wrong structure
2018-05-31T02:01:19.995741Z 0 [ERROR] Native table 'performance_schema'.'performance_timers' has the wrong structure
2018-05-31T02:01:19.995769Z 0 [ERROR] Native table 'performance_schema'.'rwlock_instances' has the wrong structure
2018-05-31T02:01:19.995800Z 0 [ERROR] Native table 'performance_schema'.'setup_actors' has the wrong structure
2018-05-31T02:01:19.995824Z 0 [ERROR] Native table 'performance_schema'.'setup_consumers' has the wrong structure
2018-05-31T02:01:19.995851Z 0 [ERROR] Native table 'performance_schema'.'setup_instruments' has the wrong structure
2018-05-31T02:01:19.995875Z 0 [ERROR] Native table 'performance_schema'.'setup_objects' has the wrong structure
2018-05-31T02:01:19.995903Z 0 [ERROR] Native table 'performance_schema'.'setup_timers' has the wrong structure
2018-05-31T02:01:19.995932Z 0 [ERROR] Native table 'performance_schema'.'table_io_waits_summary_by_index_usage' has the wrong structure
2018-05-31T02:01:19.995960Z 0 [ERROR] Native table 'performance_schema'.'table_io_waits_summary_by_table' has the wrong structure
2018-05-31T02:01:19.995993Z 0 [ERROR] Native table 'performance_schema'.'table_lock_waits_summary_by_table' has the wrong structure
2018-05-31T02:01:19.996018Z 0 [ERROR] Native table 'performance_schema'.'threads' has the wrong structure
2018-05-31T02:01:19.996045Z 0 [ERROR] Native table 'performance_schema'.'events_stages_current' has the wrong structure
2018-05-31T02:01:19.996070Z 0 [ERROR] Native table 'performance_schema'.'events_stages_history' has the wrong structure
2018-05-31T02:01:19.996097Z 0 [ERROR] Native table 'performance_schema'.'events_stages_history_long' has the wrong structure
2018-05-31T02:01:19.996130Z 0 [ERROR] Native table 'performance_schema'.'events_stages_summary_by_thread_by_event_name' has the wrong structure
2018-05-31T02:01:19.996155Z 0 [ERROR] Native table 'performance_schema'.'events_stages_summary_by_account_by_event_name' has the wrong structure
2018-05-31T02:01:19.996183Z 0 [ERROR] Native table 'performance_schema'.'events_stages_summary_by_user_by_event_name' has the wrong structure
2018-05-31T02:01:19.996208Z 0 [ERROR] Native table 'performance_schema'.'events_stages_summary_by_host_by_event_name' has the wrong structure
2018-05-31T02:01:19.996236Z 0 [ERROR] Native table 'performance_schema'.'events_stages_summary_global_by_event_name' has the wrong structure
2018-05-31T02:01:19.996265Z 0 [ERROR] Native table 'performance_schema'.'events_statements_current' has the wrong structure
2018-05-31T02:01:19.996293Z 0 [ERROR] Native table 'performance_schema'.'events_statements_history' has the wrong structure
2018-05-31T02:01:19.996321Z 0 [ERROR] Native table 'performance_schema'.'events_statements_history_long' has the wrong structure
2018-05-31T02:01:19.996346Z 0 [ERROR] Native table 'performance_schema'.'events_statements_summary_by_thread_by_event_name' has the wrong structure
2018-05-31T02:01:19.996375Z 0 [ERROR] Native table 'performance_schema'.'events_statements_summary_by_account_by_event_name' has the wrong structure
2018-05-31T02:01:19.996400Z 0 [ERROR] Native table 'performance_schema'.'events_statements_summary_by_user_by_event_name' has the wrong structure
2018-05-31T02:01:19.996448Z 0 [ERROR] Native table 'performance_schema'.'events_statements_summary_by_host_by_event_name' has the wrong structure
2018-05-31T02:01:19.996477Z 0 [ERROR] Native table 'performance_schema'.'events_statements_summary_global_by_event_name' has the wrong structure
2018-05-31T02:01:19.996506Z 0 [ERROR] Native table 'performance_schema'.'events_statements_summary_by_digest' has the wrong structure
2018-05-31T02:01:19.996537Z 0 [ERROR] Native table 'performance_schema'.'events_statements_summary_by_program' has the wrong structure
2018-05-31T02:01:19.996565Z 0 [ERROR] Native table 'performance_schema'.'events_transactions_current' has the wrong structure
2018-05-31T02:01:19.996589Z 0 [ERROR] Native table 'performance_schema'.'events_transactions_history' has the wrong structure
2018-05-31T02:01:19.996620Z 0 [ERROR] Native table 'performance_schema'.'events_transactions_history_long' has the wrong structure
2018-05-31T02:01:19.996645Z 0 [ERROR] Native table 'performance_schema'.'events_transactions_summary_by_thread_by_event_name' has the wrong structure
2018-05-31T02:01:19.996673Z 0 [ERROR] Native table 'performance_schema'.'events_transactions_summary_by_account_by_event_name' has the wrong structure
2018-05-31T02:01:19.996702Z 0 [ERROR] Native table 'performance_schema'.'events_transactions_summary_by_user_by_event_name' has the wrong structure
2018-05-31T02:01:19.996734Z 0 [ERROR] Native table 'performance_schema'.'events_transactions_summary_by_host_by_event_name' has the wrong structure
2018-05-31T02:01:19.996763Z 0 [ERROR] Native table 'performance_schema'.'events_transactions_summary_global_by_event_name' has the wrong structure
2018-05-31T02:01:19.996787Z 0 [ERROR] Native table 'performance_schema'.'users' has the wrong structure
2018-05-31T02:01:19.996814Z 0 [ERROR] Native table 'performance_schema'.'accounts' has the wrong structure
2018-05-31T02:01:19.996853Z 0 [ERROR] Native table 'performance_schema'.'hosts' has the wrong structure
2018-05-31T02:01:19.996875Z 0 [ERROR] Native table 'performance_schema'.'socket_instances' has the wrong structure
2018-05-31T02:01:19.996901Z 0 [ERROR] Native table 'performance_schema'.'socket_summary_by_instance' has the wrong structure
2018-05-31T02:01:19.996929Z 0 [ERROR] Native table 'performance_schema'.'socket_summary_by_event_name' has the wrong structure
2018-05-31T02:01:19.996952Z 0 [ERROR] Native table 'performance_schema'.'session_connect_attrs' has the wrong structure
2018-05-31T02:01:19.996977Z 0 [ERROR] Native table 'performance_schema'.'session_account_connect_attrs' has the wrong structure
2018-05-31T02:01:19.997000Z 0 [ERROR] Native table 'performance_schema'.'memory_summary_global_by_event_name' has the wrong structure
2018-05-31T02:01:19.997026Z 0 [ERROR] Native table 'performance_schema'.'memory_summary_by_account_by_event_name' has the wrong structure
2018-05-31T02:01:19.997055Z 0 [ERROR] Native table 'performance_schema'.'memory_summary_by_host_by_event_name' has the wrong structure
2018-05-31T02:01:19.997083Z 0 [ERROR] Native table 'performance_schema'.'memory_summary_by_thread_by_event_name' has the wrong structure
2018-05-31T02:01:19.997106Z 0 [ERROR] Native table 'performance_schema'.'memory_summary_by_user_by_event_name' has the wrong structure
2018-05-31T02:01:19.997131Z 0 [ERROR] Native table 'performance_schema'.'table_handles' has the wrong structure
2018-05-31T02:01:19.997153Z 0 [ERROR] Native table 'performance_schema'.'metadata_locks' has the wrong structure
2018-05-31T02:01:19.997180Z 0 [ERROR] Native table 'performance_schema'.'replication_connection_configuration' has the wrong structure
2018-05-31T02:01:19.997202Z 0 [ERROR] Native table 'performance_schema'.'replication_group_members' has the wrong structure
2018-05-31T02:01:19.997226Z 0 [ERROR] Native table 'performance_schema'.'replication_connection_status' has the wrong structure
2018-05-31T02:01:19.997252Z 0 [ERROR] Native table 'performance_schema'.'replication_applier_configuration' has the wrong structure
2018-05-31T02:01:19.997274Z 0 [ERROR] Native table 'performance_schema'.'replication_applier_status' has the wrong structure
2018-05-31T02:01:19.997315Z 0 [ERROR] Native table 'performance_schema'.'replication_applier_status_by_coordinator' has the wrong structure
2018-05-31T02:01:19.997341Z 0 [ERROR] Native table 'performance_schema'.'replication_applier_status_by_worker' has the wrong structure
2018-05-31T02:01:19.997367Z 0 [ERROR] Native table 'performance_schema'.'replication_group_member_stats' has the wrong structure
2018-05-31T02:01:19.997393Z 0 [ERROR] Native table 'performance_schema'.'prepared_statements_instances' has the wrong structure
2018-05-31T02:01:19.997415Z 0 [ERROR] Native table 'performance_schema'.'user_variables_by_thread' has the wrong structure
2018-05-31T02:01:19.997439Z 0 [ERROR] Native table 'performance_schema'.'status_by_account' has the wrong structure
2018-05-31T02:01:19.997461Z 0 [ERROR] Native table 'performance_schema'.'status_by_host' has the wrong structure
2018-05-31T02:01:19.997488Z 0 [ERROR] Native table 'performance_schema'.'status_by_thread' has the wrong structure
2018-05-31T02:01:19.997510Z 0 [ERROR] Native table 'performance_schema'.'status_by_user' has the wrong structure
2018-05-31T02:01:19.997534Z 0 [ERROR] Native table 'performance_schema'.'global_status' has the wrong structure
2018-05-31T02:01:19.997559Z 0 [ERROR] Native table 'performance_schema'.'session_status' has the wrong structure
2018-05-31T02:01:19.997581Z 0 [ERROR] Native table 'performance_schema'.'variables_by_thread' has the wrong structure
2018-05-31T02:01:19.997608Z 0 [ERROR] Native table 'performance_schema'.'global_variables' has the wrong structure
2018-05-31T02:01:19.997630Z 0 [ERROR] Native table 'performance_schema'.'session_variables' has the wrong structure
2018-05-31T02:01:19.997997Z 0 [Note] Event Scheduler: Loaded 0 events
2018-05-31T02:01:19.998138Z 0 [Note] /usr/local/Cellar/mysql/5.7.22/bin/mysqld: ready for connections.
Version: '5.7.22-log'  socket: '/usr/local/var/mysql/mysql.sock'  port: 3306  Homebrew
2018-05-31T02:03:40.727829Z 3 [Note] Access denied for user 'root'@'localhost' (using password: YES)
2018-05-31T02:03:53.605406Z 4 [Note] Access denied for user 'root'@'localhost' (using password: NO)
2018-05-31T02:05:11.063020Z 5 [ERROR] InnoDB: Table `mysql`.`innodb_table_stats` not found.
2018-05-31T02:06:04.888491Z 8 [ERROR] InnoDB: Table `mysql`.`innodb_table_stats` not found.
2018-05-31T02:06:04.888531Z 8 [ERROR] InnoDB: Fetch of persistent statistics requested for table `contacts`.`contact-list` but the required system tables mysql.innodb_table_stats and mysql.innodb_index_stats are not present or have unexpected structure. Using transient stats instead.
2018-05-31T02:14:19.931082Z 7 [ERROR] InnoDB: Table `mysql`.`innodb_table_stats` not found.
2018-05-31T02:14:19.931245Z 7 [ERROR] InnoDB: Table `mysql`.`innodb_table_stats` not found.
2018-05-31T02:14:19.931272Z 7 [ERROR] InnoDB: Fetch of persistent statistics requested for table `contacts`.`#sql-c2c1_7` but the required system tables mysql.innodb_table_stats and mysql.innodb_index_stats are not present or have unexpected structure. Using transient stats instead.
2018-05-31T02:14:19.932454Z 7 [ERROR] InnoDB: Table `mysql`.`innodb_table_stats` not found.
2018-05-31T02:14:19.932497Z 7 [ERROR] InnoDB: Table `mysql`.`innodb_table_stats` not found.
2018-05-31T02:14:19.933259Z 7 [ERROR] InnoDB: Table `mysql`.`innodb_table_stats` not found.
2018-05-31T02:14:19.933305Z 7 [ERROR] InnoDB: Table `mysql`.`innodb_table_stats` not found.
2018-05-31T02:14:19.933613Z 7 [ERROR] InnoDB: Table `mysql`.`innodb_table_stats` not found.
2018-05-31T02:14:19.947514Z 7 [ERROR] InnoDB: Table `mysql`.`innodb_table_stats` not found.
2018-05-31T02:14:19.951419Z 7 [ERROR] InnoDB: Fetch of persistent statistics requested for table `contacts`.`contact-list` but the required system tables mysql.innodb_table_stats and mysql.innodb_index_stats are not present or have unexpected structure. Using transient stats instead.
2018-05-31T02:14:25.499067Z 7 [ERROR] InnoDB: Table `mysql`.`innodb_table_stats` not found.
2018-05-31T02:14:25.499323Z 7 [ERROR] InnoDB: Table `mysql`.`innodb_table_stats` not found.
2018-05-31T02:14:25.499360Z 7 [ERROR] InnoDB: Fetch of persistent statistics requested for table `contacts`.`#sql-c2c1_7` but the required system tables mysql.innodb_table_stats and mysql.innodb_index_stats are not present or have unexpected structure. Using transient stats instead.
2018-05-31T02:14:25.500687Z 7 [ERROR] InnoDB: Table `mysql`.`innodb_table_stats` not found.
2018-05-31T02:14:25.500722Z 7 [ERROR] InnoDB: Table `mysql`.`innodb_table_stats` not found.
2018-05-31T02:14:25.501499Z 7 [ERROR] InnoDB: Table `mysql`.`innodb_table_stats` not found.
2018-05-31T02:14:25.501531Z 7 [ERROR] InnoDB: Table `mysql`.`innodb_table_stats` not found.
2018-05-31T02:14:25.501976Z 7 [ERROR] InnoDB: Table `mysql`.`innodb_table_stats` not found.
2018-05-31T02:14:25.513254Z 7 [ERROR] InnoDB: Table `mysql`.`innodb_table_stats` not found.
2018-05-31T02:14:25.517803Z 7 [ERROR] InnoDB: Fetch of persistent statistics requested for table `contacts`.`contact-list` but the required system tables mysql.innodb_table_stats and mysql.innodb_index_stats are not present or have unexpected structure. Using transient stats instead.
2018-05-31T02:17:27.812516Z 7 [ERROR] InnoDB: Table `mysql`.`innodb_table_stats` not found.
2018-05-31T02:17:27.812753Z 7 [ERROR] InnoDB: Table `mysql`.`innodb_table_stats` not found.
2018-05-31T02:17:27.812796Z 7 [ERROR] InnoDB: Fetch of persistent statistics requested for table `contacts`.`#sql-c2c1_7` but the required system tables mysql.innodb_table_stats and mysql.innodb_index_stats are not present or have unexpected structure. Using transient stats instead.
2018-05-31T02:17:27.813924Z 7 [ERROR] InnoDB: Table `mysql`.`innodb_table_stats` not found.
2018-05-31T02:17:27.813988Z 7 [ERROR] InnoDB: Table `mysql`.`innodb_table_stats` not found.
2018-05-31T02:17:27.815110Z 7 [ERROR] InnoDB: Table `mysql`.`innodb_table_stats` not found.
2018-05-31T02:17:27.815139Z 7 [ERROR] InnoDB: Table `mysql`.`innodb_table_stats` not found.
2018-05-31T02:17:27.815469Z 7 [ERROR] InnoDB: Table `mysql`.`innodb_table_stats` not found.
2018-05-31T02:17:27.826882Z 7 [ERROR] InnoDB: Table `mysql`.`innodb_table_stats` not found.
2018-05-31T02:17:27.827969Z 7 [ERROR] InnoDB: Fetch of persistent statistics requested for table `contacts`.`contact-list` but the required system tables mysql.innodb_table_stats and mysql.innodb_index_stats are not present or have unexpected structure. Using transient stats instead.
2018-05-31T02:20:27.919959Z 7 [ERROR] InnoDB: Table `mysql`.`innodb_table_stats` not found.
2018-05-31T02:20:27.920106Z 7 [ERROR] InnoDB: Table `mysql`.`innodb_table_stats` not found.
2018-05-31T02:20:27.920131Z 7 [ERROR] InnoDB: Fetch of persistent statistics requested for table `contacts`.`#sql-c2c1_7` but the required system tables mysql.innodb_table_stats and mysql.innodb_index_stats are not present or have unexpected structure. Using transient stats instead.
2018-05-31T02:20:27.920993Z 7 [ERROR] InnoDB: Table `mysql`.`innodb_table_stats` not found.
2018-05-31T02:20:27.921024Z 7 [ERROR] InnoDB: Table `mysql`.`innodb_table_stats` not found.
2018-05-31T02:20:27.921654Z 7 [ERROR] InnoDB: Table `mysql`.`innodb_table_stats` not found.
2018-05-31T02:20:27.921694Z 7 [ERROR] InnoDB: Table `mysql`.`innodb_table_stats` not found.
2018-05-31T02:20:27.922122Z 7 [ERROR] InnoDB: Table `mysql`.`innodb_table_stats` not found.
2018-05-31T02:20:27.934425Z 7 [ERROR] InnoDB: Table `mysql`.`innodb_table_stats` not found.
2018-05-31T02:20:27.936660Z 7 [ERROR] InnoDB: Fetch of persistent statistics requested for table `contacts`.`contact-list` but the required system tables mysql.innodb_table_stats and mysql.innodb_index_stats are not present or have unexpected structure. Using transient stats instead.
2018-05-31T02:20:44.880816Z 7 [ERROR] InnoDB: Table `mysql`.`innodb_table_stats` not found.
2018-05-31T02:20:44.881052Z 7 [ERROR] InnoDB: Table `mysql`.`innodb_table_stats` not found.
2018-05-31T02:20:44.881095Z 7 [ERROR] InnoDB: Fetch of persistent statistics requested for table `contacts`.`#sql-c2c1_7` but the required system tables mysql.innodb_table_stats and mysql.innodb_index_stats are not present or have unexpected structure. Using transient stats instead.
2018-05-31T02:20:44.882282Z 7 [ERROR] InnoDB: Table `mysql`.`innodb_table_stats` not found.
2018-05-31T02:20:44.882337Z 7 [ERROR] InnoDB: Table `mysql`.`innodb_table_stats` not found.
2018-05-31T02:20:44.883327Z 7 [ERROR] InnoDB: Table `mysql`.`innodb_table_stats` not found.
2018-05-31T02:20:44.883378Z 7 [ERROR] InnoDB: Table `mysql`.`innodb_table_stats` not found.
2018-05-31T02:20:44.883824Z 7 [ERROR] InnoDB: Table `mysql`.`innodb_table_stats` not found.
2018-05-31T02:20:44.895604Z 7 [ERROR] InnoDB: Table `mysql`.`innodb_table_stats` not found.
2018-05-31T02:20:44.897091Z 7 [ERROR] InnoDB: Fetch of persistent statistics requested for table `contacts`.`contact-list` but the required system tables mysql.innodb_table_stats and mysql.innodb_index_stats are not present or have unexpected structure. Using transient stats instead.
2018-05-31T02:21:08.138872Z 7 [ERROR] InnoDB: Table `mysql`.`innodb_table_stats` not found.
2018-05-31T02:21:08.139018Z 7 [ERROR] InnoDB: Table `mysql`.`innodb_table_stats` not found.
2018-05-31T02:21:08.139042Z 7 [ERROR] InnoDB: Fetch of persistent statistics requested for table `contacts`.`#sql-c2c1_7` but the required system tables mysql.innodb_table_stats and mysql.innodb_index_stats are not present or have unexpected structure. Using transient stats instead.
2018-05-31T02:21:08.139904Z 7 [ERROR] InnoDB: Table `mysql`.`innodb_table_stats` not found.
2018-05-31T02:21:08.139932Z 7 [ERROR] InnoDB: Table `mysql`.`innodb_table_stats` not found.
2018-05-31T02:21:08.140592Z 7 [ERROR] InnoDB: Table `mysql`.`innodb_table_stats` not found.
2018-05-31T02:21:08.140619Z 7 [ERROR] InnoDB: Table `mysql`.`innodb_table_stats` not found.
2018-05-31T02:21:08.141000Z 7 [ERROR] InnoDB: Table `mysql`.`innodb_table_stats` not found.
2018-05-31T02:21:08.154612Z 7 [ERROR] InnoDB: Table `mysql`.`innodb_table_stats` not found.
2018-05-31T02:21:08.155663Z 7 [ERROR] InnoDB: Fetch of persistent statistics requested for table `contacts`.`contact-list` but the required system tables mysql.innodb_table_stats and mysql.innodb_index_stats are not present or have unexpected structure. Using transient stats instead.
2018-05-31T02:21:15.842384Z 7 [ERROR] InnoDB: Table `mysql`.`innodb_table_stats` not found.
2018-05-31T02:21:15.842624Z 7 [ERROR] InnoDB: Table `mysql`.`innodb_table_stats` not found.
2018-05-31T02:21:15.842667Z 7 [ERROR] InnoDB: Fetch of persistent statistics requested for table `contacts`.`#sql-c2c1_7` but the required system tables mysql.innodb_table_stats and mysql.innodb_index_stats are not present or have unexpected structure. Using transient stats instead.
2018-05-31T02:21:15.843428Z 7 [ERROR] InnoDB: Table `mysql`.`innodb_table_stats` not found.
2018-05-31T02:21:15.843459Z 7 [ERROR] InnoDB: Table `mysql`.`innodb_table_stats` not found.
2018-05-31T02:21:15.844101Z 7 [ERROR] InnoDB: Table `mysql`.`innodb_table_stats` not found.
2018-05-31T02:21:15.844135Z 7 [ERROR] InnoDB: Table `mysql`.`innodb_table_stats` not found.
2018-05-31T02:21:15.844632Z 7 [ERROR] InnoDB: Table `mysql`.`innodb_table_stats` not found.
2018-05-31T02:21:15.857267Z 7 [ERROR] InnoDB: Table `mysql`.`innodb_table_stats` not found.
2018-05-31T02:21:15.858511Z 7 [ERROR] InnoDB: Fetch of persistent statistics requested for table `contacts`.`contact-list` but the required system tables mysql.innodb_table_stats and mysql.innodb_index_stats are not present or have unexpected structure. Using transient stats instead.
2018-05-31T02:40:42.313744Z 5 [ERROR] InnoDB: Table `mysql`.`innodb_table_stats` not found.
2018-05-31T02:40:42.313800Z 5 [ERROR] InnoDB: Fetch of persistent statistics requested for table `contacts`.`contact-list` but the required system tables mysql.innodb_table_stats and mysql.innodb_index_stats are not present or have unexpected structure. Using transient stats instead.
2018-05-31T03:19:44.303319Z 0 [Note] InnoDB: page_cleaner: 1000ms intended loop took 1752283ms. The settings might not be optimal. (flushed=0 and evicted=0, during the time.)
